<?xml version="1.0" encoding="utf-8"?><testsuites name="pytest tests"><testsuite name="pytest" errors="0" failures="0" skipped="0" tests="31" time="36.517" timestamp="2026-04-22T05:46:49.415865+00:00" hostname="agent-env-1ed7d384-1791-4c5e-808c-1ac152944e15"><testcase classname="backend.tests.test_simutrade.TestHealth" name="test_backend_reachable" time="0.293" /><testcase classname="backend.tests.test_simutrade.TestAuth" name="test_register_existing_email" time="0.323" /><testcase classname="backend.tests.test_simutrade.TestAuth" name="test_login_success" time="0.275" /><testcase classname="backend.tests.test_simutrade.TestAuth" name="test_login_wrong_password" time="0.268" /><testcase classname="backend.tests.test_simutrade.TestAuth" name="test_get_me" time="0.140" /><testcase classname="backend.tests.test_simutrade.TestAuth" name="test_admin_login" time="0.278" /><testcase classname="backend.tests.test_simutrade.TestAuth" name="test_onboarding" time="0.319" /><testcase classname="backend.tests.test_simutrade.TestMarket" name="test_get_quotes" time="1.935" /><testcase classname="backend.tests.test_simutrade.TestMarket" name="test_get_history" time="0.122" /><testcase classname="backend.tests.test_simutrade.TestTrading" name="test_open_position" time="0.064" /><testcase classname="backend.tests.test_simutrade.TestTrading" name="test_get_open_positions" time="0.050" /><testcase classname="backend.tests.test_simutrade.TestTrading" name="test_close_position" time="0.106" /><testcase classname="backend.tests.test_simutrade.TestTrading" name="test_trade_history" time="0.048" /><testcase classname="backend.tests.test_simutrade.TestTrading" name="test_invalid_direction" time="0.047" /><testcase classname="backend.tests.test_simutrade.TestAI" name="test_chat_requires_auth" time="0.049" /><testcase classname="backend.tests.test_simutrade.TestAI" name="test_chat_basic_and_context" time="24.519" /><testcase classname="backend.tests.test_simutrade.TestAI" name="test_explain_trade" time="6.091" /><testcase classname="backend.tests.test_simutrade.TestOpenQuantityAlias" name="test_open_with_quantity" time="0.050" /><testcase classname="backend.tests.test_simutrade.TestPortfolio" name="test_portfolio_summary" time="0.047" /><testcase classname="backend.tests.test_simutrade.TestGuest" name="test_guest_create" time="0.054" /><testcase classname="backend.tests.test_simutrade.TestGuest" name="test_guest_token_can_access_portfolio" time="0.049" /><testcase classname="backend.tests.test_simutrade.TestGuest" name="test_guest_token_can_access_market_quotes" time="0.414" /><testcase classname="backend.tests.test_simutrade.TestGuest" name="test_guest_can_open_trade" time="0.047" /><testcase classname="backend.tests.test_simutrade.TestDeriv" name="test_status_without_connect" time="0.099" /><testcase classname="backend.tests.test_simutrade.TestDeriv" name="test_connect_invalid_token" time="0.370" /><testcase classname="backend.tests.test_simutrade.TestDeriv" name="test_connect_short_token_400" time="0.049" /><testcase classname="backend.tests.test_simutrade.TestDeriv" name="test_symbols_requires_connection" time="0.047" /><testcase classname="backend.tests.test_simutrade.TestDeriv" name="test_portfolio_requires_connection" time="0.048" /><testcase classname="backend.tests.test_simutrade.TestDeriv" name="test_buy_requires_connection" time="0.047" /><testcase classname="backend.tests.test_simutrade.TestDeriv" name="test_sell_requires_connection" time="0.051" /><testcase classname="backend.tests.test_simutrade.TestDeriv" name="test_deriv_endpoints_require_auth" time="0.092" /></testsuite></testsuites>