<?xml version="1.0" encoding="utf-8"?><testsuites name="pytest tests"><testsuite name="pytest" errors="0" failures="0" skipped="0" tests="19" time="32.530" timestamp="2026-04-21T15:40:41.130031+00:00" hostname="agent-env-1ed7d384-1791-4c5e-808c-1ac152944e15"><testcase classname="backend.tests.test_simutrade.TestHealth" name="test_backend_reachable" time="0.233" /><testcase classname="backend.tests.test_simutrade.TestAuth" name="test_register_existing_email" time="0.320" /><testcase classname="backend.tests.test_simutrade.TestAuth" name="test_login_success" time="0.267" /><testcase classname="backend.tests.test_simutrade.TestAuth" name="test_login_wrong_password" time="0.271" /><testcase classname="backend.tests.test_simutrade.TestAuth" name="test_get_me" time="0.149" /><testcase classname="backend.tests.test_simutrade.TestAuth" name="test_admin_login" time="0.273" /><testcase classname="backend.tests.test_simutrade.TestAuth" name="test_onboarding" time="0.323" /><testcase classname="backend.tests.test_simutrade.TestMarket" name="test_get_quotes" time="1.727" /><testcase classname="backend.tests.test_simutrade.TestMarket" name="test_get_history" time="0.144" /><testcase classname="backend.tests.test_simutrade.TestTrading" name="test_open_position" time="0.049" /><testcase classname="backend.tests.test_simutrade.TestTrading" name="test_get_open_positions" time="0.055" /><testcase classname="backend.tests.test_simutrade.TestTrading" name="test_close_position" time="0.101" /><testcase classname="backend.tests.test_simutrade.TestTrading" name="test_trade_history" time="0.055" /><testcase classname="backend.tests.test_simutrade.TestTrading" name="test_invalid_direction" time="0.049" /><testcase classname="backend.tests.test_simutrade.TestAI" name="test_chat_requires_auth" time="0.051" /><testcase classname="backend.tests.test_simutrade.TestAI" name="test_chat_basic_and_context" time="21.436" /><testcase classname="backend.tests.test_simutrade.TestAI" name="test_explain_trade" time="6.832" /><testcase classname="backend.tests.test_simutrade.TestOpenQuantityAlias" name="test_open_with_quantity" time="0.053" /><testcase classname="backend.tests.test_simutrade.TestPortfolio" name="test_portfolio_summary" time="0.052" /></testsuite></testsuites>